<?xml version="1.0" encoding="UTF-8" ?>
<testsuite tests="13" failures="0" name="cucumberrunner.TestRunner" time="0.317" errors="0" skipped="11">
  <properties>
    <property name="java.runtime.name" value="Java(TM) SE Runtime Environment"/>
    <property name="java.vm.version" value="12.0.2+10"/>
    <property name="sun.boot.library.path" value="C:\Program Files\Java\jdk-12.0.2\bin"/>
    <property name="maven.multiModuleProjectDirectory" value="G:\Siva\Automation\Selenium\New Selenium Projects\automation"/>
    <property name="java.vm.vendor" value="Oracle Corporation"/>
    <property name="java.vendor.url" value="https://java.oracle.com/"/>
    <property name="guice.disable.misplaced.annotation.check" value="true"/>
    <property name="path.separator" value=";"/>
    <property name="java.vm.name" value="Java HotSpot(TM) 64-Bit Server VM"/>
    <property name="sun.os.patch.level" value=""/>
    <property name="user.script" value=""/>
    <property name="user.country" value="IN"/>
    <property name="sun.java.launcher" value="SUN_STANDARD"/>
    <property name="java.vm.specification.name" value="Java Virtual Machine Specification"/>
    <property name="user.dir" value="G:\Siva\Automation\Selenium\New Selenium Projects\automation"/>
    <property name="java.vm.compressedOopsMode" value="32-bit"/>
    <property name="java.runtime.version" value="12.0.2+10"/>
    <property name="java.awt.graphicsenv" value="sun.awt.Win32GraphicsEnvironment"/>
    <property name="os.arch" value="amd64"/>
    <property name="java.io.tmpdir" value="C:\Users\srisi\AppData\Local\Temp\"/>
    <property name="line.separator" value="
"/>
    <property name="java.vm.specification.vendor" value="Oracle Corporation"/>
    <property name="user.variant" value=""/>
    <property name="os.name" value="Windows 10"/>
    <property name="classworlds.conf" value="G:\Siva\Automation\Selenium\New Selenium Projects\.metadata\.plugins\org.eclipse.m2e.launching\launches\m2conf6927939716687780426.tmp"/>
    <property name="sun.jnu.encoding" value="Cp1252"/>
    <property name="java.library.path" value="C:\Program Files\Java\jdk-12.0.2\bin;C:\WINDOWS\Sun\Java\bin;C:\WINDOWS\system32;C:\WINDOWS;C:/Program Files/Java/jdk-12.0.2/bin/server;C:/Program Files/Java/jdk-12.0.2/bin;C:\Windows\system32;C:\Windows;C:\Windows\System32\Wbem;C:\Windows\System32\WindowsPowerShell\v1.0\;C:\Program Files (x86)\NVIDIA Corporation\PhysX\Common;C:\WINDOWS\system32;C:\WINDOWS;C:\WINDOWS\System32\Wbem;C:\WINDOWS\System32\WindowsPowerShell\v1.0\;C:\WINDOWS\System32\OpenSSH\;C:\Program Files\Java\jdk-12.0.2\bin;G:\Siva\Automation\Selenium\apache-maven-3.6.3\bin;C:\Program Files\dotnet\;C:\Program Files\Microsoft SQL Server\130\Tools\Binn\;C:\Program Files\Microsoft SQL Server\Client SDK\ODBC\170\Tools\Binn\;C:\Program Files\nodejs\;C:\Program Files\MySQL\MySQL Shell 8.0\bin\;C:\Users\srisi\AppData\Roaming\npm;%USERPROFILE%\AppData\Local\Microsoft\WindowsApps;;C:\WINDOWS\System32;;."/>
    <property name="jdk.debug" value="release"/>
    <property name="java.class.version" value="56.0"/>
    <property name="java.specification.name" value="Java Platform API Specification"/>
    <property name="sun.management.compiler" value="HotSpot 64-Bit Tiered Compilers"/>
    <property name="os.version" value="10.0"/>
    <property name="user.home" value="C:\Users\srisi"/>
    <property name="user.timezone" value="Asia/Calcutta"/>
    <property name="file.encoding" value="Cp1252"/>
    <property name="java.specification.version" value="12"/>
    <property name="user.name" value="srisi"/>
    <property name="java.class.path" value="C:\Users\srisi\.p2\pool\plugins\org.eclipse.m2e.maven.runtime_1.12.0.20190529-1915\jars\plexus-classworlds-2.6.0.jar"/>
    <property name="java.vm.specification.version" value="12"/>
    <property name="sun.arch.data.model" value="64"/>
    <property name="sun.java.command" value="org.codehaus.plexus.classworlds.launcher.Launcher -B test"/>
    <property name="java.home" value="C:\Program Files\Java\jdk-12.0.2"/>
    <property name="user.language" value="en"/>
    <property name="java.specification.vendor" value="Oracle Corporation"/>
    <property name="awt.toolkit" value="sun.awt.windows.WToolkit"/>
    <property name="java.vm.info" value="mixed mode, sharing"/>
    <property name="java.version" value="12.0.2"/>
    <property name="java.vendor" value="Oracle Corporation"/>
    <property name="maven.home" value="G:\Siva\Automation\Selenium\New Selenium Projects\automation\EMBEDDED"/>
    <property name="file.separator" value="\"/>
    <property name="java.version.date" value="2019-07-16"/>
    <property name="java.vendor.url.bug" value="https://bugreport.java.com/bugreport/"/>
    <property name="sun.io.unicode.encoding" value="UnicodeLittle"/>
    <property name="sun.cpu.endian" value="little"/>
    <property name="sun.desktop" value="windows"/>
    <property name="sun.cpu.isalist" value="amd64"/>
  </properties>
  <testcase classname="Scenario: Select highest price flight for two senior citizens" name="Given user navigate to Home page" time="0.005"/>
  <testcase classname="Scenario: Select highest price flight for two senior citizens" name="Then user verifies One Way radio button is selected" time="0.019">
    <skipped/>
  </testcase>
  <testcase classname="Scenario: Select highest price flight for two senior citizens" name="When user clicks on Round Trip Radio button" time="0.019">
    <skipped/>
  </testcase>
  <testcase classname="Scenario: Select highest price flight for two senior citizens" name="And Select the Departure City as &quot;BLR&quot; and Arrival city as &quot;HYD&quot;" time="0.019">
    <skipped/>
  </testcase>
  <testcase classname="Scenario: Select highest price flight for two senior citizens" name="And Select the Passengers as &quot;2&quot;" time="0.019">
    <skipped/>
  </testcase>
  <testcase classname="Scenario: Select highest price flight for two senior citizens" name="And clicks on Search Button" time="0.027">
    <skipped/>
  </testcase>
  <testcase classname="Scenario: Select highest price flight for two senior citizens" name="Then Flights availability table is displayed" time="0.027">
    <skipped/>
  </testcase>
  <testcase classname="Scenario: Select highest price flight for two senior citizens" name="When user clicks on Senior citizens terms and conditions" time="0.027">
    <skipped/>
  </testcase>
  <testcase classname="Scenario: Select highest price flight for two senior citizens" name="Then Senior citizens terms and condtions should get checked" time="0.031">
    <skipped/>
  </testcase>
  <testcase classname="Scenario: Select highest price flight for two senior citizens" name="When user selects the costliest flights" time="0.031">
    <skipped/>
  </testcase>
  <testcase classname="Scenario: Select highest price flight for two senior citizens" name="Then total fare should be updated" time="0.031">
    <skipped/>
  </testcase>
  <testcase classname="Scenario: Select highest price flight for two senior citizens" name="Scenario: Select highest price flight for two senior citizens" time="0.031">
    <skipped/>
  </testcase>
  <testcase classname="Scenario: Select highest price flight for two senior citizens" name="Scenario: Select highest price flight for two senior citizens" time="0.031"/>
</testsuite>